<?xml version="1.0" encoding="UTF-8" ?>
<testsuite errors="0" failures="0" hostname="rick-mercers-macbook-pro.local" name="tests.SpritesTest" tests="26" time="0.073" timestamp="2014-03-24T12:23:12">
  <properties>
[...]
</properties>
  <testcase classname="tests.SpritesTest" name="testPositionThrowsExceptionRowsTooBig" time="0.003" />
  <testcase classname="tests.SpritesTest" name="testGetAward" time="0.001" />
  <testcase classname="tests.SpritesTest" name="testPositionThrowsExceptionColumn" time="0.001" />
  <testcase classname="tests.SpritesTest" name="testPositionThrowsException" time="0.0" />
  <testcase classname="tests.SpritesTest" name="testIsTaggedWhenChallengerIsReversedTheReceiverThatIs" time="0.0" />
  <testcase classname="tests.SpritesTest" name="testOneUnitGetsAnothersFlag" time="0.0" />
  <testcase classname="tests.SpritesTest" name="testChallengeCount" time="0.0" />
  <testcase classname="tests.SpritesTest" name="testGetters" time="0.001" />
  <testcase classname="tests.SpritesTest" name="testAwardGiven" time="0.0" />
  <testcase classname="tests.SpritesTest" name="testPositionThrowsExceptionColumnsTooBig" time="0.0" />
  <testcase classname="tests.SpritesTest" name="testChallenge2" time="0.001" />
  <testcase classname="tests.SpritesTest" name="testChallengeTakesBandana" time="0.0" />
  <testcase classname="tests.SpritesTest" name="testWinsRecordedInTheProfile" time="0.0" />
  <testcase classname="tests.SpritesTest" name="testFightWhenThisCaloriesIsBetter" time="0.0" />
  <testcase classname="tests.SpritesTest" name="testProfileIsUpdated" time="0.001" />
  <testcase classname="tests.SpritesTest" name="testDifferentSides" time="0.0" />
  <testcase classname="tests.SpritesTest" name="testIsTagged" time="0.001" />
  <testcase classname="tests.SpritesTest" name="testDifferentSidesWithADifferentReceiver" time="0.0" />
  <testcase classname="tests.SpritesTest" name="testProfileUpdate" time="0.0" />
  <testcase classname="tests.SpritesTest" name="testProfileGetsAllThreeAwards" time="0.0" />
  <testcase classname="tests.SpritesTest" name="testChallengesWonCount" time="0.0" />
  <testcase classname="tests.SpritesTest" name="testPosition" time="0.0" />
  <testcase classname="tests.SpritesTest" name="testFightWhenOthersCaloriesIsBetter" time="0.0" />
  <testcase classname="tests.SpritesTest" name="testMutators" time="0.0" />
  <testcase classname="tests.SpritesTest" name="testIfTagged" time="0.0" />
  <testcase classname="tests.SpritesTest" name="testChallenge" time="0.0" />
  <system-out><![CDATA[]]></system-out>
  <system-err><![CDATA[]]></system-err>
</testsuite>
